--------------------------------------------------------------------------------
Release 14.7 Trace  (nt)
Copyright (c) 1995-2013 Xilinx, Inc.  All rights reserved.

C:\Xilinx\14.7\ISE_DS\ISE\bin\nt\unwrapped\trce.exe -intstyle ise -v 3 -s 2 -n
3 -fastpaths -xml mojo_top.twx mojo_top.ncd -o mojo_top.twr mojo_top.pcf

Design file:              mojo_top.ncd
Physical constraint file: mojo_top.pcf
Device,package,speed:     xc6slx9,tqg144,C,-2 (PRODUCTION 1.23 2013-10-13)
Report level:             verbose report

Environment Variable      Effect 
--------------------      ------ 
NONE                      No environment variables were set
--------------------------------------------------------------------------------

INFO:Timing:3412 - To improve timing, see the Timing Closure User Guide (UG612).
INFO:Timing:2752 - To get complete path coverage, use the unconstrained paths 
   option. All paths that are not constrained will be reported in the 
   unconstrained paths section(s) of the report.
INFO:Timing:3339 - The clock-to-out numbers in this timing report are based on 
   a 50 Ohm transmission line loading model.  For the details of this model, 
   and for more information on accounting for different loading conditions, 
   please see the device datasheet.

================================================================================
Timing constraint: TS_clk = PERIOD TIMEGRP "clk" 50 MHz HIGH 50%;
For more information, see Period Analysis in the Timing Closure User Guide (UG612).

 1 path analyzed, 1 endpoint analyzed, 0 failing endpoints
 0 timing errors detected. (0 setup errors, 0 hold errors, 0 component switching limit errors)
 Minimum period is   2.666ns.
--------------------------------------------------------------------------------

Paths for end point pgm/addr_dat_10 (SLICE_X1Y2.A6), 1 path
--------------------------------------------------------------------------------
Slack (setup path):     18.982ns (requirement - (data path - clock path skew + uncertainty))
  Source:               pgm/addr_dat_10 (FF)
  Destination:          pgm/addr_dat_10 (FF)
  Requirement:          20.000ns
  Data Path Delay:      0.983ns (Levels of Logic = 1)
  Clock Path Skew:      0.000ns
  Source Clock:         clk_BUFGP rising at 0.000ns
  Destination Clock:    clk_BUFGP rising at 20.000ns
  Clock Uncertainty:    0.035ns

  Clock Uncertainty:          0.035ns  ((TSJ^2 + TIJ^2)^1/2 + DJ) / 2 + PE
    Total System Jitter (TSJ):  0.070ns
    Total Input Jitter (TIJ):   0.000ns
    Discrete Jitter (DJ):       0.000ns
    Phase Error (PE):           0.000ns

  Maximum Data Path at Slow Process Corner: pgm/addr_dat_10 to pgm/addr_dat_10
    Location             Delay type         Delay(ns)  Physical Resource
                                                       Logical Resource(s)
    -------------------------------------------------  -------------------
    SLICE_X1Y2.AQ        Tcko                  0.430   pgm/addr_dat<10>
                                                       pgm/addr_dat_10
    SLICE_X1Y2.A6        net (fanout=12)       0.180   pgm/addr_dat<10>
    SLICE_X1Y2.CLK       Tas                   0.373   pgm/addr_dat<10>
                                                       pgm/addr_dat[10]_inv_1_OUT<10>1_INV_0
                                                       pgm/addr_dat_10
    -------------------------------------------------  ---------------------------
    Total                                      0.983ns (0.803ns logic, 0.180ns route)
                                                       (81.7% logic, 18.3% route)

--------------------------------------------------------------------------------

Hold Paths: TS_clk = PERIOD TIMEGRP "clk" 50 MHz HIGH 50%;
--------------------------------------------------------------------------------

Paths for end point pgm/addr_dat_10 (SLICE_X1Y2.A6), 1 path
--------------------------------------------------------------------------------
Slack (hold path):      0.464ns (requirement - (clock path skew + uncertainty - data path))
  Source:               pgm/addr_dat_10 (FF)
  Destination:          pgm/addr_dat_10 (FF)
  Requirement:          0.000ns
  Data Path Delay:      0.464ns (Levels of Logic = 1)
  Clock Path Skew:      0.000ns
  Source Clock:         clk_BUFGP rising at 20.000ns
  Destination Clock:    clk_BUFGP rising at 20.000ns
  Clock Uncertainty:    0.000ns

  Minimum Data Path at Fast Process Corner: pgm/addr_dat_10 to pgm/addr_dat_10
    Location             Delay type         Delay(ns)  Physical Resource
                                                       Logical Resource(s)
    -------------------------------------------------  -------------------
    SLICE_X1Y2.AQ        Tcko                  0.198   pgm/addr_dat<10>
                                                       pgm/addr_dat_10
    SLICE_X1Y2.A6        net (fanout=12)       0.051   pgm/addr_dat<10>
    SLICE_X1Y2.CLK       Tah         (-Th)    -0.215   pgm/addr_dat<10>
                                                       pgm/addr_dat[10]_inv_1_OUT<10>1_INV_0
                                                       pgm/addr_dat_10
    -------------------------------------------------  ---------------------------
    Total                                      0.464ns (0.413ns logic, 0.051ns route)
                                                       (89.0% logic, 11.0% route)

--------------------------------------------------------------------------------

Component Switching Limit Checks: TS_clk = PERIOD TIMEGRP "clk" 50 MHz HIGH 50%;
--------------------------------------------------------------------------------
Slack: 17.334ns (period - min period limit)
  Period: 20.000ns
  Min period limit: 2.666ns (375.094MHz) (Tbcper_I)
  Physical resource: clk_BUFGP/BUFG/I0
  Logical resource: clk_BUFGP/BUFG/I0
  Location pin: BUFGMUX_X2Y11.I0
  Clock network: clk_BUFGP/IBUFG
--------------------------------------------------------------------------------
Slack: 19.530ns (period - min period limit)
  Period: 20.000ns
  Min period limit: 0.470ns (2127.660MHz) (Tcp)
  Physical resource: pgm/addr_dat<10>/CLK
  Logical resource: pgm/addr_dat_10/CK
  Location pin: SLICE_X1Y2.CLK
  Clock network: clk_BUFGP
--------------------------------------------------------------------------------


All constraints were met.


Data Sheet report:
-----------------
All values displayed in nanoseconds (ns)

Clock to Setup on destination clock clk
---------------+---------+---------+---------+---------+
               | Src:Rise| Src:Fall| Src:Rise| Src:Fall|
Source Clock   |Dest:Rise|Dest:Rise|Dest:Fall|Dest:Fall|
---------------+---------+---------+---------+---------+
clk            |    1.018|         |         |         |
---------------+---------+---------+---------+---------+


Timing summary:
---------------

Timing errors: 0  Score: 0  (Setup/Max: 0, Hold: 0)

Constraints cover 1 paths, 0 nets, and 3 connections

Design statistics:
   Minimum period:   2.666ns{1}   (Maximum frequency: 375.094MHz)


------------------------------------Footnotes-----------------------------------
1)  The minimum period statistic assumes all single cycle delays.

Analysis completed Fri Oct 27 01:07:55 2017 
--------------------------------------------------------------------------------

Trace Settings:
-------------------------
Trace Settings 

Peak Memory Usage: 201 MB



